[New LWP 21831]
Core was generated by `'.
Program terminated with signal SIGXCPU, CPU time limit exceeded.
#0  0x000000000010976f in ?? ()
#0  0x000000000010976f in ?? ()
#1  0x0000000000000002 in ?? ()
#2  0x0000000005d7ffe0 in ?? ()
#3  0x0000001fff000820 in ?? ()
#4  0x0000000000109392 in ?? ()
#5  0x000000000010a120 in ?? ()
#6  0x0000000a00000003 in ?? ()
#7  0x0000001fff000860 in ?? ()
#8  0x0000001fff000860 in ?? ()
#9  0x0000001fff000870 in ?? ()
#10 0x0000001fff000860 in ?? ()
#11 0x0000000005d7fdd0 in ?? ()
#12 0x0000000300000000 in ?? ()
#13 0x0000000200000004 in ?? ()
#14 0x0000000005d7ffe0 in ?? ()
#15 0x0000001fff000920 in ?? ()
#16 0x0000000000108e27 in ?? ()
#17 0x000000000010a0f0 in ?? ()
#18 0x0000000000000005 in ?? ()
#19 0x000000000010a108 in ?? ()
#20 0x0000000000000002 in ?? ()
#21 0x00000000053c3240 in ?? ()
#22 0x0000000005137970 in ?? ()
#23 0x0000000005d7ffe0 in ?? ()
#24 0x0000000000000004 in ?? ()
#25 0x0000000005d7fc80 in ?? ()
#26 0x0000000005d7fc94 in ?? ()
#27 0x0000000005d7fc94 in ?? ()
#28 0x0000000005622489 in ?? ()
#29 0x0000000005d7fce0 in ?? ()
#30 0x0000000005d7fce8 in ?? ()
#31 0x0000000005d7fce8 in ?? ()
#32 0x000000000030bd28 in ?? ()
#33 0x0000000005d7fd30 in ?? ()
#34 0x0000000005d7fd3c in ?? ()
#35 0x0000000005d7fd3c in ?? ()
#36 0x000000010000ffff in ?? ()
#37 0x0000000005d7fd80 in ?? ()
#38 0x0000000005d7fd8c in ?? ()
#39 0x0000000005d7fd8c in ?? ()
#40 0xcdd405d3337a1100 in ?? ()
#41 0x00000000040109a0 in ?? ()
#42 0x0000000000000000 in ?? ()
